
=== Wed Nov 13 20:51:30 2019

Packages were changed.
Update Mode: mergeDefaultDependencies

The following packages were updated:
  com.unity.analytics from version 3.2.2 to 3.3.2
  com.unity.collab-proxy from version 1.2.9 to 1.2.16
  com.unity.package-manager-ui from version 2.1.1 to 2.1.2
  com.unity.purchasing from version 2.0.1 to 2.0.6
  com.unity.textmeshpro from version 1.3.0 to 2.0.1
  com.unity.timeline from version 0.0.0-builtin to 1.0.0

=== Thu Oct  8 15:06:21 2020

Packages were changed.
Update Mode: updateDependencies

The following packages were added:
  com.unity.2d.sprite@1.0.0
  com.unity.2d.tilemap@1.0.0
  com.unity.ide.rider@1.2.1
  com.unity.ide.visualstudio@2.0.2
  com.unity.ide.vscode@1.2.1
  com.unity.modules.androidjni@1.0.0
  com.unity.test-framework@1.1.14
  com.unity.ugui@1.0.0
The following packages were updated:
  com.unity.textmeshpro from version 2.0.1 to 3.0.1
  com.unity.timeline from version 1.0.0 to 1.2.6
The following packages were removed:
  com.unity.package-manager-ui@2.1.2

=== Thu Oct  8 15:35:18 2020

Packages were changed.
Update Mode: updateDependencies

The following packages were updated:
  com.unity.test-framework from version 1.1.14 to 1.1.16

=== Fri Jan 15 08:35:32 2021

Packages were changed.
Update Mode: updateDependencies

The following packages were updated:
  com.unity.ide.visualstudio from version 2.0.2 to 2.0.3
  com.unity.ide.vscode from version 1.2.1 to 1.2.3
  com.unity.test-framework from version 1.1.16 to 1.1.18
